#
# A fatal error has been detected by the Java Runtime Environment:
#
#  SIGSEGV (0xb) at pc=0x00007fffa8e9dc22, pid=3565, tid=775
#
# JRE version: Java(TM) SE Runtime Environment (8.0_60-b27) (build 1.8.0_60-b27)
# Java VM: Java HotSpot(TM) 64-Bit Server VM (25.60-b23 mixed mode bsd-amd64 compressed oops)
# Problematic frame:
# C  [libGPUSupportMercury.dylib+0xac22]  gldAttachDrawable+0x12f
#
# Failed to write core dump. Core dumps have been disabled. To enable core dumping, try "ulimit -c unlimited" before starting Java again
#
# If you would like to submit a bug report, please visit:
#   http://bugreport.java.com/bugreport/crash.jsp
# The crash happened outside the Java Virtual Machine in native code.
# See problematic frame for where to report the bug.
#

---------------  T H R E A D  ---------------

Current thread (0x00007f89d0821800):  JavaThread "AppKit Thread" daemon [_thread_in_native, id=775, stack(0x00007fff5ee7d000,0x00007fff5f67d000)]

siginfo: si_signo: 11 (SIGSEGV), si_code: 0 (unknown), si_addr: 0x0000000000000000

Registers:
RAX=0x2020200a20202020, RBX=0x0000000000002715, RCX=0x0000000000000c24, RDX=0x00007f89ce7aeca0
RSP=0x00007fff5f6774c0, RBP=0x00007fff5f6775c0, RSI=0x0000000000001203, RDI=0x00000000000047a7
R8 =0x0000000000000001, R9 =0x00007f89d3000000, R10=0x000000000000003c, R11=0x0000000000000206
R12=0x00007f89ce7aec98, R13=0x00007f89d128cc00, R14=0x00007f89ce7aeca0, R15=0x0000000000000000
RIP=0x00007fffa8e9dc22, EFLAGS=0x0000000000010206, ERR=0x0000000000000000
  TRAPNO=0x000000000000000d

Top of Stack: (sp=0x00007fff5f6774c0)
0x00007fff5f6774c0:   00007fff5f677500 00007fffacb51952
0x00007fff5f6774d0:   0000000000000000 4036000000000000
0x00007fff5f6774e0:   4090000000000000 00007f89d300b2e0
0x00007fff5f6774f0:   2020200a20202020 00007f89ce75e704
0x00007fff5f677500:   00007fff5f677501 00000050ac9c4dce
0x00007fff5f677510:   0000000000000000 4036000000000000
0x00007fff5f677520:   4090000000000000 4088000000000000
0x00007fff5f677530:   7ff0000000000000 7ff0000000000000
0x00007fff5f677540:   0000000000000000 0000000000000000
0x00007fff5f677550:   00007f89ce462d70 000047a7ac9bca64
0x00007fff5f677560:   7ff0000000000000 7ff0000000000000
0x00007fff5f677570:   0000000000000000 0000000000000000
0x00007fff5f677580:   0000000000000000 00007fffaca0458c
0x00007fff5f677590:   d26f6089606b004f 00007f89d3001400
0x00007fff5f6775a0:   0000000000002718 0000000000000000
0x00007fff5f6775b0:   0000000000000050 0000000000000000
0x00007fff5f6775c0:   00007fff5f677620 00007fffa03ab0eb
0x00007fff5f6775d0:   4096800000000000 0000000000000000
0x00007fff5f6775e0:   00007f89d300b2e0 0000000000000000
0x00007fff5f6775f0:   00007f89ce7aec98 00007f89cf10b488
0x00007fff5f677600:   00007f89cf10b550 00007f89cf10b580
0x00007fff5f677610:   00007f89cf109600 d26f6089606b004f
0x00007fff5f677620:   00007fff5f677700 00007fffa0389bb8
0x00007fff5f677630:   4046000000000000 4090000000000000
0x00007fff5f677640:   4088b00000000000 0000000000000000
0x00007fff5f677650:   4036000000000000 4090000000000000
0x00007fff5f677660:   4088000000000000 0000000000000000
0x00007fff5f677670:   0000000000000000 0000000000000001
0x00007fff5f677680:   00007f89ce7aec98 0000000000000001
0x00007fff5f677690:   00007fff5f677700 00007fffa038e992
0x00007fff5f6776a0:   000000015f6776c0 00007f89cf10b550
0x00007fff5f6776b0:   00007f89cf10b488 0000000200001004 

Instructions: (pc=0x00007fffa8e9dc22)
0x00007fffa8e9dc02:   24 04 81 e1 3f 8c 00 00 48 8b 85 38 ff ff ff 44
0x00007fffa8e9dc12:   8b 80 38 02 00 00 4c 89 f2 48 8b 85 30 ff ff ff
0x00007fffa8e9dc22:   ff 50 08 bb 15 27 00 00 85 c0 0f 85 31 02 00 00
0x00007fffa8e9dc32:   49 8b 4d 60 41 8b 06 eb 10 41 8b 06 bb 15 27 00 

Register to memory mapping:

RAX=0x2020200a20202020 is an unknown value
RBX=0x0000000000002715 is an unknown value
RCX=0x0000000000000c24 is an unknown value
RDX=0x00007f89ce7aeca0 is an unknown value
RSP=0x00007fff5f6774c0 is pointing into the stack for thread: 0x00007f89d0821800
RBP=0x00007fff5f6775c0 is pointing into the stack for thread: 0x00007f89d0821800
RSI=0x0000000000001203 is an unknown value
RDI=0x00000000000047a7 is an unknown value
R8 =0x0000000000000001 is an unknown value
R9 =0x00007f89d3000000 is an unknown value
R10=0x000000000000003c is an unknown value
R11=0x0000000000000206 is an unknown value
R12=0x00007f89ce7aec98 is an unknown value
R13=0x00007f89d128cc00 is an unknown value
R14=0x00007f89ce7aeca0 is an unknown value
R15=0x0000000000000000 is an unknown value


Stack: [0x00007fff5ee7d000,0x00007fff5f67d000],  sp=0x00007fff5f6774c0,  free space=8169k
Native frames: (J=compiled Java code, j=interpreted, Vv=VM code, C=native code)
C  [libGPUSupportMercury.dylib+0xac22]  gldAttachDrawable+0x12f
C  [GLEngine+0x160eb]  gliAttachDrawableWithOptions+0x106
C  [OpenGL+0x3bb8]  glcGetIOAccelService+0xe8c
C  [OpenGL+0x7744]  CGLSetPBuffer+0xb45
C  [OpenGL+0x7a62]  CGLSetSurface+0x125
C  [AppKit+0x3353d4]  NSOpenGLContextAttachOnScreenViewSurface+0x187
C  [AppKit+0x69c2d6]  __27-[NSOpenGLContext setView:]_block_invoke+0xd3
C  [AppKit+0x1794c0]  NSPerformVisuallyAtomicChange+0x93
C  [AppKit+0x321c94]  -[NSOpenGLContext setView:]+0x69
C  [liblwjgl.dylib+0xa586]  -[MacOSXOpenGLView lockFocus]+0x76
C  [AppKit+0x19c516]  -[NSView _recursiveDisplayRectIfNeededIgnoringOpacity:isVisibleRect:rectIsVisibleRectForView:topView:]+0x6ee
C  [AppKit+0x19cd6c]  -[NSView _recursiveDisplayRectIfNeededIgnoringOpacity:isVisibleRect:rectIsVisibleRectForView:topView:]+0xf44
C  [AppKit+0x19b94b]  -[NSThemeFrame _recursiveDisplayRectIfNeededIgnoringOpacity:isVisibleRect:rectIsVisibleRectForView:topView:]+0x14e
C  [AppKit+0x199d73]  -[NSView _displayRectIgnoringOpacity:isVisibleRect:rectIsVisibleRectForView:]+0x994
C  [AppKit+0x195662]  -[NSView displayIfNeeded]+0x6d4
C  [AppKit+0x194f73]  -[NSWindow displayIfNeeded]+0xe6
C  [AppKit+0x87fc2f]  ___NSWindowGetDisplayCycleObserver_block_invoke.6219+0x115
C  [AppKit+0x194a51]  __37+[NSDisplayCycle currentDisplayCycle]_block_invoke+0x1c6
C  [QuartzCore+0x111ba]  CA::Transaction::run_commit_handlers(CATransactionPhase)+0x2e
C  [QuartzCore+0x118e10]  CA::Context::commit_transaction(CA::Transaction*)+0xa0
C  [QuartzCore+0xfd55]  CA::Transaction::commit()+0x1db
C  [AppKit+0x46ac69]  __37+[NSDisplayCycle currentDisplayCycle]_block_invoke.31+0x143
C  [CoreFoundation+0xa6ec7]  __CFRUNLOOP_IS_CALLING_OUT_TO_AN_OBSERVER_CALLBACK_FUNCTION__+0x17
C  [CoreFoundation+0xa6e37]  __CFRunLoopDoObservers+0x187
C  [CoreFoundation+0x87ad9]  __CFRunLoopRun+0x369
C  [CoreFoundation+0x87514]  CFRunLoopRunSpecific+0x1a4
C  [HIToolbox+0x30fbc]  RunCurrentEventLoopInMode+0xf0
C  [HIToolbox+0x30cf9]  ReceiveNextEventCommon+0xb8
C  [HIToolbox+0x30c26]  _BlockUntilNextEventMatchingListInModeWithFilter+0x47
C  [AppKit+0x46b79]  _DPSNextEvent+0x445
C  [AppKit+0x75c1c3]  -[NSApplication(NSEvent) _nextEventMatchingEventMask:untilDate:inMode:dequeue:]+0x665
C  [libosxapp.dylib+0x23aa]  -[NSApplicationAWT nextEventMatchingMask:untilDate:inMode:dequeue:]+0x7c
C  [AppKit+0x3b53d]  -[NSApplication run]+0x39e
C  [libosxapp.dylib+0x214d]  +[NSApplicationAWT runAWTLoopWithApp:]+0x9c
C  [libawt_lwawt.dylib+0x44517]  -[AWTStarter starter:]+0x389
C  [Foundation+0x71f2a]  __NSThreadPerformPerform+0x146
C  [CoreFoundation+0xa74b1]  __CFRUNLOOP_IS_CALLING_OUT_TO_A_SOURCE0_PERFORM_FUNCTION__+0x11
C  [CoreFoundation+0x8861d]  __CFRunLoopDoSources0+0x22d
C  [CoreFoundation+0x87b16]  __CFRunLoopRun+0x3a6
C  [CoreFoundation+0x87514]  CFRunLoopRunSpecific+0x1a4
C  [java+0x6463]  CreateExecutionEnvironment+0x367
C  [java+0x21ac]  JLI_Launch+0x7a0
C  [java+0x84c0]  main+0x65
C  [java+0x1a04]  start+0x34
C  0x0000000000000006


---------------  P R O C E S S  ---------------

Java Threads: ( => current thread )
  0x00007f89cf25e000 JavaThread "pool-1-thread-1" [_thread_blocked, id=64259, stack(0x000070000919c000,0x000070000929c000)]
  0x00007f89d09fc800 JavaThread "Client" daemon [_thread_in_native, id=63007, stack(0x0000700009099000,0x0000700009199000)]
  0x00007f89d1288800 JavaThread "Java2D Queue Flusher" daemon [_thread_blocked, id=63495, stack(0x0000700008f96000,0x0000700009096000)]
  0x00007f89ce93f800 JavaThread "Java2D Disposer" daemon [_thread_blocked, id=58651, stack(0x0000700008e93000,0x0000700008f93000)]
  0x00007f89ce8e6000 JavaThread "AWT-Shutdown" [_thread_blocked, id=32287, stack(0x0000700008b01000,0x0000700008c01000)]
=>0x00007f89d0821800 JavaThread "AppKit Thread" daemon [_thread_in_native, id=775, stack(0x00007fff5ee7d000,0x00007fff5f67d000)]
  0x00007f89cf002800 JavaThread "Service Thread" daemon [_thread_blocked, id=21251, stack(0x0000700008878000,0x0000700008978000)]
  0x00007f89ce855800 JavaThread "C1 CompilerThread3" daemon [_thread_blocked, id=20739, stack(0x0000700008775000,0x0000700008875000)]
  0x00007f89ce855000 JavaThread "C2 CompilerThread2" daemon [_thread_blocked, id=20227, stack(0x0000700008672000,0x0000700008772000)]
  0x00007f89ce854000 JavaThread "C2 CompilerThread1" daemon [_thread_blocked, id=19715, stack(0x000070000856f000,0x000070000866f000)]
  0x00007f89ce852800 JavaThread "C2 CompilerThread0" daemon [_thread_blocked, id=19203, stack(0x000070000846c000,0x000070000856c000)]
  0x00007f89cf002000 JavaThread "Signal Dispatcher" daemon [_thread_blocked, id=18691, stack(0x0000700008369000,0x0000700008469000)]
  0x00007f89d0801000 JavaThread "Finalizer" daemon [_thread_blocked, id=14339, stack(0x00007000081e3000,0x00007000082e3000)]
  0x00007f89ce835000 JavaThread "Reference Handler" daemon [_thread_blocked, id=13827, stack(0x00007000080e0000,0x00007000081e0000)]
  0x00007f89ce80c000 JavaThread "main" [_thread_in_native, id=6915, stack(0x00007000076c2000,0x00007000077c2000)]

Other Threads:
  0x00007f89ce832800 VMThread [stack: 0x0000700007fdd000,0x00007000080dd000] [id=13315]
  0x00007f89cf000800 WatcherThread [stack: 0x000070000897b000,0x0000700008a7b000] [id=21763]

VM state:not at safepoint (normal execution)

VM Mutex/Monitor currently owned by a thread: None

Heap:
 PSYoungGen      total 76288K, used 33542K [0x000000076ab00000, 0x0000000774000000, 0x00000007c0000000)
  eden space 65536K, 34% used [0x000000076ab00000,0x000000076c145bf8,0x000000076eb00000)
  from space 10752K, 99% used [0x000000076eb00000,0x000000076f57be08,0x000000076f580000)
  to   space 10752K, 0% used [0x0000000773580000,0x0000000773580000,0x0000000774000000)
 ParOldGen       total 175104K, used 17220K [0x00000006c0000000, 0x00000006cab00000, 0x000000076ab00000)
  object space 175104K, 9% used [0x00000006c0000000,0x00000006c10d1260,0x00000006cab00000)
 Metaspace       used 12461K, capacity 12675K, committed 12928K, reserved 1060864K
  class space    used 1315K, capacity 1376K, committed 1408K, reserved 1048576K

Card table byte_map: [0x000000010299f000,0x00000001031a0000] byte_map_base: 0x00000000ff39f000

Marking Bits: (ParMarkBitMap*) 0x0000000101edee20
 Begin Bits: [0x000000011990b000, 0x000000011d90b000)
 End Bits:   [0x000000011d90b000, 0x000000012190b000)

Polling page: 0x00000001025cc000

CodeCache: size=245760Kb used=4606Kb max_used=4617Kb free=241153Kb
 bounds [0x000000010a90b000, 0x000000010ad9b000, 0x000000011990b000]
 total_blobs=1776 nmethods=1237 adapters=453
 compilation: enabled

Compilation events (10 events):
Event: 12.328 Thread 0x00007f89ce855800 1232       3       java.nio.HeapByteBuffer::put (16 bytes)
Event: 12.328 Thread 0x00007f89ce855800 nmethod 1232 0x000000010ad8a0d0 code [0x000000010ad8a260, 0x000000010ad8a608]
Event: 12.342 Thread 0x00007f89ce855800 1233       3       java.nio.HeapByteBuffer::get (14 bytes)
Event: 12.343 Thread 0x00007f89ce855800 nmethod 1233 0x000000010ad8fb10 code [0x000000010ad8fca0, 0x000000010ad90048]
Event: 12.601 Thread 0x00007f89ce854000 1234       4       java.util.concurrent.locks.ReentrantLock$Sync::isHeldExclusively (16 bytes)
Event: 12.601 Thread 0x00007f89ce854000 nmethod 1234 0x000000010ad874d0 code [0x000000010ad87620, 0x000000010ad876b8]
Event: 12.743 Thread 0x00007f89ce855800 1235       1       java.util.HashMap::afterNodeRemoval (1 bytes)
Event: 12.743 Thread 0x00007f89ce855800 nmethod 1235 0x000000010ad92510 code [0x000000010ad92660, 0x000000010ad92770]
Event: 12.768 Thread 0x00007f89ce855800 1236       1       com.esotericsoftware.kryonet.Listener::idle (1 bytes)
Event: 12.768 Thread 0x00007f89ce855800 nmethod 1236 0x000000010ad92250 code [0x000000010ad923a0, 0x000000010ad924b0]

GC Heap History (2 events):
Event: 0.868 GC heap before
{Heap before GC invocations=1 (full 0):
 PSYoungGen      total 76288K, used 65536K [0x000000076ab00000, 0x0000000770000000, 0x00000007c0000000)
  eden space 65536K, 100% used [0x000000076ab00000,0x000000076eb00000,0x000000076eb00000)
  from space 10752K, 0% used [0x000000076f580000,0x000000076f580000,0x0000000770000000)
  to   space 10752K, 0% used [0x000000076eb00000,0x000000076eb00000,0x000000076f580000)
 ParOldGen       total 175104K, used 0K [0x00000006c0000000, 0x00000006cab00000, 0x000000076ab00000)
  object space 175104K, 0% used [0x00000006c0000000,0x00000006c0000000,0x00000006cab00000)
 Metaspace       used 10622K, capacity 10785K, committed 11008K, reserved 1058816K
  class space    used 1138K, capacity 1215K, committed 1280K, reserved 1048576K
Event: 0.877 GC heap after
Heap after GC invocations=1 (full 0):
 PSYoungGen      total 76288K, used 10735K [0x000000076ab00000, 0x0000000774000000, 0x00000007c0000000)
  eden space 65536K, 0% used [0x000000076ab00000,0x000000076ab00000,0x000000076eb00000)
  from space 10752K, 99% used [0x000000076eb00000,0x000000076f57be08,0x000000076f580000)
  to   space 10752K, 0% used [0x0000000773580000,0x0000000773580000,0x0000000774000000)
 ParOldGen       total 175104K, used 17220K [0x00000006c0000000, 0x00000006cab00000, 0x000000076ab00000)
  object space 175104K, 9% used [0x00000006c0000000,0x00000006c10d1260,0x00000006cab00000)
 Metaspace       used 10622K, capacity 10785K, committed 11008K, reserved 1058816K
  class space    used 1138K, capacity 1215K, committed 1280K, reserved 1048576K
}

Deoptimization events (8 events):
Event: 0.119 Thread 0x00007f89ce80c000 Uncommon trap: reason=unstable_if action=reinterpret pc=0x000000010aa42d80 method=java.lang.String.indexOf(II)I @ 49
Event: 0.457 Thread 0x00007f89ce80c000 Uncommon trap: reason=unstable_if action=reinterpret pc=0x000000010aaa195c method=java.lang.String.replace(CC)Ljava/lang/String; @ 26
Event: 0.635 Thread 0x00007f89ce80c000 Uncommon trap: reason=unstable_if action=reinterpret pc=0x000000010aaac784 method=java.lang.String.indexOf([CII[CIII)I @ 3
Event: 0.639 Thread 0x00007f89ce80c000 Uncommon trap: reason=class_check action=maybe_recompile pc=0x000000010ab35b8c method=java.util.HashMap.putVal(ILjava/lang/Object;Ljava/lang/Object;ZZ)Ljava/lang/Object; @ 253
Event: 0.639 Thread 0x00007f89ce80c000 Uncommon trap: reason=class_check action=maybe_recompile pc=0x000000010ab35b8c method=java.util.HashMap.putVal(ILjava/lang/Object;Ljava/lang/Object;ZZ)Ljava/lang/Object; @ 253
Event: 0.639 Thread 0x00007f89ce80c000 Uncommon trap: reason=class_check action=maybe_recompile pc=0x000000010ab35b8c method=java.util.HashMap.putVal(ILjava/lang/Object;Ljava/lang/Object;ZZ)Ljava/lang/Object; @ 253
Event: 0.639 Thread 0x00007f89ce80c000 Uncommon trap: reason=class_check action=maybe_recompile pc=0x000000010ab35b8c method=java.util.HashMap.putVal(ILjava/lang/Object;Ljava/lang/Object;ZZ)Ljava/lang/Object; @ 253
Event: 0.911 Thread 0x00007f89ce80c000 Uncommon trap: reason=unstable_if action=reinterpret pc=0x000000010abdb674 method=org.newdawn.slick.opengl.ImageIOImageData.imageToByteBuffer(Ljava/awt/image/BufferedImage;ZZ[I)Ljava/nio/ByteBuffer; @ 398

Internal exceptions (10 events):
Event: 0.037 Thread 0x00007f89ce80c000 Exception <a 'java/lang/NoSuchMethodError': Method sun.misc.Unsafe.defineClass(Ljava/lang/String;[BII)Ljava/lang/Class; name or signature does not match> (0x000000076ab12be0) thrown at [/Users/java_re/workspace/8-2-build-macosx-x86_64/jdk8u60/4407/hotspot
Event: 0.037 Thread 0x00007f89ce80c000 Exception <a 'java/lang/NoSuchMethodError': Method sun.misc.Unsafe.prefetchRead(Ljava/lang/Object;J)V name or signature does not match> (0x000000076ab12ec8) thrown at [/Users/java_re/workspace/8-2-build-macosx-x86_64/jdk8u60/4407/hotspot/src/share/vm/prim
Event: 0.108 Thread 0x00007f89ce80c000 Exception <a 'java/security/PrivilegedActionException'> (0x000000076af11778) thrown at [/Users/java_re/workspace/8-2-build-macosx-x86_64/jdk8u60/4407/hotspot/src/share/vm/prims/jvm.cpp, line 1386]
Event: 0.108 Thread 0x00007f89ce80c000 Exception <a 'java/security/PrivilegedActionException'> (0x000000076af11988) thrown at [/Users/java_re/workspace/8-2-build-macosx-x86_64/jdk8u60/4407/hotspot/src/share/vm/prims/jvm.cpp, line 1386]
Event: 0.108 Thread 0x00007f89ce80c000 Exception <a 'java/security/PrivilegedActionException'> (0x000000076af14e10) thrown at [/Users/java_re/workspace/8-2-build-macosx-x86_64/jdk8u60/4407/hotspot/src/share/vm/prims/jvm.cpp, line 1386]
Event: 0.108 Thread 0x00007f89ce80c000 Exception <a 'java/security/PrivilegedActionException'> (0x000000076af15020) thrown at [/Users/java_re/workspace/8-2-build-macosx-x86_64/jdk8u60/4407/hotspot/src/share/vm/prims/jvm.cpp, line 1386]
Event: 0.141 Thread 0x00007f89ce80c000 Exception <a 'java/lang/NoSuchFieldError': method resolution failed> (0x000000076afe2e88) thrown at [/Users/java_re/workspace/8-2-build-macosx-x86_64/jdk8u60/4407/hotspot/src/share/vm/prims/methodHandles.cpp, line 1146]
Event: 0.143 Thread 0x00007f89ce80c000 Exception <a 'java/lang/NoSuchFieldError': method resolution failed> (0x000000076aff05d8) thrown at [/Users/java_re/workspace/8-2-build-macosx-x86_64/jdk8u60/4407/hotspot/src/share/vm/prims/methodHandles.cpp, line 1146]
Event: 0.274 Thread 0x00007f89ce80c000 Exception <a 'java/io/FileNotFoundException'> (0x000000076b06b4d0) thrown at [/Users/java_re/workspace/8-2-build-macosx-x86_64/jdk8u60/4407/hotspot/src/share/vm/prims/jni.cpp, line 709]
Event: 0.274 Thread 0x00007f89ce80c000 Exception <a 'java/io/FileNotFoundException'> (0x000000076b06c000) thrown at [/Users/java_re/workspace/8-2-build-macosx-x86_64/jdk8u60/4407/hotspot/src/share/vm/prims/jni.cpp, line 709]

Events (10 events):
Event: 1.661 Thread 0x00007f89ce80c000 DEOPT PACKING pc=0x000000010ac6ac53 sp=0x00007000077c1600
Event: 1.661 Thread 0x00007f89ce80c000 DEOPT UNPACKING pc=0x000000010a952633 sp=0x00007000077c1430 mode 0
Event: 2.181 Thread 0x00007f89ce80c000 DEOPT PACKING pc=0x000000010ac84643 sp=0x00007000077c1410
Event: 2.181 Thread 0x00007f89ce80c000 DEOPT UNPACKING pc=0x000000010a952633 sp=0x00007000077c11e8 mode 0
Event: 4.097 Executing VM operation: EnableBiasedLocking
Event: 4.097 Executing VM operation: EnableBiasedLocking done
Event: 9.278 loading class com/esotericsoftware/kryonet/FrameworkMessage$KeepAliveConstructorAccess
Event: 9.278 loading class com/esotericsoftware/kryonet/FrameworkMessage$KeepAliveConstructorAccess done
Event: 13.455 loading class org/lwjgl/opengl/CallbackUtil
Event: 13.455 loading class org/lwjgl/opengl/CallbackUtil done


Dynamic libraries:
0x0000000026388000 	/System/Library/Frameworks/Cocoa.framework/Versions/A/Cocoa
0x0000000026388000 	/System/Library/Frameworks/Security.framework/Versions/A/Security
0x0000000026388000 	/System/Library/Frameworks/ApplicationServices.framework/Versions/A/ApplicationServices
0x0000000026388000 	/usr/lib/libz.1.dylib
0x0000000026388000 	/usr/lib/libSystem.B.dylib
0x0000000026388000 	/usr/lib/libobjc.A.dylib
0x0000000026388000 	/System/Library/Frameworks/CoreFoundation.framework/Versions/A/CoreFoundation
0x0000000026388000 	/System/Library/Frameworks/Foundation.framework/Versions/C/Foundation
0x0000000026388000 	/System/Library/Frameworks/AppKit.framework/Versions/C/AppKit
0x0000000026388000 	/System/Library/Frameworks/CoreData.framework/Versions/A/CoreData
0x0000000026388000 	/System/Library/PrivateFrameworks/RemoteViewServices.framework/Versions/A/RemoteViewServices
0x0000000026388000 	/System/Library/PrivateFrameworks/UIFoundation.framework/Versions/A/UIFoundation
0x0000000026388000 	/usr/lib/libenergytrace.dylib
0x0000000026388000 	/System/Library/PrivateFrameworks/SkyLight.framework/Versions/A/SkyLight
0x0000000026388000 	/System/Library/Frameworks/CoreGraphics.framework/Versions/A/CoreGraphics
0x0000000026388000 	/usr/lib/libScreenReader.dylib
0x0000000026388000 	/System/Library/Frameworks/Accelerate.framework/Versions/A/Accelerate
0x0000000026388000 	/System/Library/Frameworks/IOSurface.framework/Versions/A/IOSurface
0x0000000026388000 	/System/Library/Frameworks/AudioToolbox.framework/Versions/A/AudioToolbox
0x0000000026388000 	/System/Library/Frameworks/AudioUnit.framework/Versions/A/AudioUnit
0x0000000026388000 	/System/Library/PrivateFrameworks/DataDetectorsCore.framework/Versions/A/DataDetectorsCore
0x0000000026388000 	/System/Library/PrivateFrameworks/DesktopServicesPriv.framework/Versions/A/DesktopServicesPriv
0x0000000026388000 	/System/Library/Frameworks/Carbon.framework/Versions/A/Frameworks/HIToolbox.framework/Versions/A/HIToolbox
0x0000000026388000 	/usr/lib/libicucore.A.dylib
0x0000000026388000 	/System/Library/Frameworks/QuartzCore.framework/Versions/A/QuartzCore
0x0000000026388000 	/System/Library/Frameworks/Carbon.framework/Versions/A/Frameworks/SpeechRecognition.framework/Versions/A/SpeechRecognition
0x0000000026388000 	/usr/lib/libauto.dylib
0x0000000026388000 	/usr/lib/libxml2.2.dylib
0x0000000026388000 	/System/Library/PrivateFrameworks/CoreUI.framework/Versions/A/CoreUI
0x0000000026388000 	/System/Library/Frameworks/CoreAudio.framework/Versions/A/CoreAudio
0x0000000026388000 	/System/Library/Frameworks/DiskArbitration.framework/Versions/A/DiskArbitration
0x0000000026388000 	/usr/lib/liblangid.dylib
0x0000000026388000 	/System/Library/PrivateFrameworks/MultitouchSupport.framework/Versions/A/MultitouchSupport
0x0000000026388000 	/System/Library/Frameworks/IOKit.framework/Versions/A/IOKit
0x0000000026388000 	/usr/lib/libDiagnosticMessagesClient.dylib
0x0000000026388000 	/System/Library/Frameworks/CoreServices.framework/Versions/A/CoreServices
0x0000000026388000 	/System/Library/PrivateFrameworks/PerformanceAnalysis.framework/Versions/A/PerformanceAnalysis
0x0000000026388000 	/System/Library/PrivateFrameworks/GenerationalStorage.framework/Versions/A/GenerationalStorage
0x0000000026388000 	/System/Library/Frameworks/OpenGL.framework/Versions/A/OpenGL
0x0000000026388000 	/System/Library/Frameworks/CoreImage.framework/Versions/A/CoreImage
0x0000000026388000 	/System/Library/Frameworks/CoreText.framework/Versions/A/CoreText
0x0000000026388000 	/System/Library/Frameworks/ImageIO.framework/Versions/A/ImageIO
0x0000000026388000 	/System/Library/PrivateFrameworks/Backup.framework/Versions/A/Backup
0x0000000026388000 	/usr/lib/libarchive.2.dylib
0x0000000026388000 	/System/Library/Frameworks/CFNetwork.framework/Versions/A/CFNetwork
0x0000000026388000 	/System/Library/Frameworks/SystemConfiguration.framework/Versions/A/SystemConfiguration
0x0000000026388000 	/usr/lib/libCRFSuite.dylib
0x0000000026388000 	/usr/lib/libc++.1.dylib
0x0000000026388000 	/usr/lib/libc++abi.dylib
0x0000000026388000 	/usr/lib/system/libcache.dylib
0x0000000026388000 	/usr/lib/system/libcommonCrypto.dylib
0x0000000026388000 	/usr/lib/system/libcompiler_rt.dylib
0x0000000026388000 	/usr/lib/system/libcopyfile.dylib
0x0000000026388000 	/usr/lib/system/libcorecrypto.dylib
0x0000000026388000 	/usr/lib/system/libdispatch.dylib
0x0000000026388000 	/usr/lib/system/libdyld.dylib
0x0000000026388000 	/usr/lib/system/libkeymgr.dylib
0x0000000026388000 	/usr/lib/system/liblaunch.dylib
0x0000000026388000 	/usr/lib/system/libmacho.dylib
0x0000000026388000 	/usr/lib/system/libquarantine.dylib
0x0000000026388000 	/usr/lib/system/libremovefile.dylib
0x0000000026388000 	/usr/lib/system/libsystem_asl.dylib
0x0000000026388000 	/usr/lib/system/libsystem_blocks.dylib
0x0000000026388000 	/usr/lib/system/libsystem_c.dylib
0x0000000026388000 	/usr/lib/system/libsystem_configuration.dylib
0x0000000026388000 	/usr/lib/system/libsystem_coreservices.dylib
0x0000000026388000 	/usr/lib/system/libsystem_coretls.dylib
0x0000000026388000 	/usr/lib/system/libsystem_dnssd.dylib
0x0000000026388000 	/usr/lib/system/libsystem_info.dylib
0x0000000026388000 	/usr/lib/system/libsystem_kernel.dylib
0x0000000026388000 	/usr/lib/system/libsystem_m.dylib
0x0000000026388000 	/usr/lib/system/libsystem_malloc.dylib
0x0000000026388000 	/usr/lib/system/libsystem_network.dylib
0x0000000026388000 	/usr/lib/system/libsystem_networkextension.dylib
0x0000000026388000 	/usr/lib/system/libsystem_notify.dylib
0x0000000026388000 	/usr/lib/system/libsystem_platform.dylib
0x0000000026388000 	/usr/lib/system/libsystem_pthread.dylib
0x0000000026388000 	/usr/lib/system/libsystem_sandbox.dylib
0x0000000026388000 	/usr/lib/system/libsystem_secinit.dylib
0x0000000026388000 	/usr/lib/system/libsystem_symptoms.dylib
0x0000000026388000 	/usr/lib/system/libsystem_trace.dylib
0x0000000026388000 	/usr/lib/system/libunwind.dylib
0x0000000026388000 	/usr/lib/system/libxpc.dylib
0x0000000026388000 	/usr/lib/libbsm.0.dylib
0x0000000026388000 	/usr/lib/system/libkxld.dylib
0x0000000026388000 	/usr/lib/libcoretls.dylib
0x0000000026388000 	/usr/lib/libcoretls_cfhelpers.dylib
0x0000000026388000 	/usr/lib/libxar.1.dylib
0x0000000026388000 	/usr/lib/libsqlite3.dylib
0x0000000026388000 	/usr/lib/libpam.2.dylib
0x0000000026388000 	/usr/lib/libOpenScriptingUtil.dylib
0x0000000026388000 	/usr/lib/libbz2.1.0.dylib
0x0000000026388000 	/usr/lib/liblzma.5.dylib
0x0000000026388000 	/usr/lib/libnetwork.dylib
0x0000000026388000 	/usr/lib/libpcap.A.dylib
0x0000000026388000 	/System/Library/Frameworks/CoreServices.framework/Versions/A/Frameworks/FSEvents.framework/Versions/A/FSEvents
0x0000000026388000 	/System/Library/Frameworks/CoreServices.framework/Versions/A/Frameworks/CarbonCore.framework/Versions/A/CarbonCore
0x0000000026388000 	/System/Library/Frameworks/CoreServices.framework/Versions/A/Frameworks/Metadata.framework/Versions/A/Metadata
0x0000000026388000 	/System/Library/Frameworks/CoreServices.framework/Versions/A/Frameworks/OSServices.framework/Versions/A/OSServices
0x0000000026388000 	/System/Library/Frameworks/CoreServices.framework/Versions/A/Frameworks/SearchKit.framework/Versions/A/SearchKit
0x0000000026388000 	/System/Library/Frameworks/CoreServices.framework/Versions/A/Frameworks/AE.framework/Versions/A/AE
0x0000000026388000 	/System/Library/Frameworks/CoreServices.framework/Versions/A/Frameworks/LaunchServices.framework/Versions/A/LaunchServices
0x0000000026388000 	/System/Library/Frameworks/CoreServices.framework/Versions/A/Frameworks/DictionaryServices.framework/Versions/A/DictionaryServices
0x0000000026388000 	/System/Library/Frameworks/CoreServices.framework/Versions/A/Frameworks/SharedFileList.framework/Versions/A/SharedFileList
0x0000000026388000 	/System/Library/Frameworks/NetFS.framework/Versions/A/NetFS
0x0000000026388000 	/System/Library/PrivateFrameworks/NetAuth.framework/Versions/A/NetAuth
0x0000000026388000 	/System/Library/PrivateFrameworks/login.framework/Versions/A/Frameworks/loginsupport.framework/Versions/A/loginsupport
0x0000000026388000 	/System/Library/PrivateFrameworks/TCC.framework/Versions/A/TCC
0x0000000026388000 	/usr/lib/libmecabra.dylib
0x0000000026388000 	/System/Library/Frameworks/ApplicationServices.framework/Versions/A/Frameworks/ATS.framework/Versions/A/ATS
0x0000000026388000 	/System/Library/Frameworks/ApplicationServices.framework/Versions/A/Frameworks/ColorSync.framework/Versions/A/ColorSync
0x0000000026388000 	/System/Library/Frameworks/ApplicationServices.framework/Versions/A/Frameworks/HIServices.framework/Versions/A/HIServices
0x0000000026388000 	/System/Library/Frameworks/ApplicationServices.framework/Versions/A/Frameworks/LangAnalysis.framework/Versions/A/LangAnalysis
0x0000000026388000 	/System/Library/Frameworks/ApplicationServices.framework/Versions/A/Frameworks/PrintCore.framework/Versions/A/PrintCore
0x0000000026388000 	/System/Library/Frameworks/ApplicationServices.framework/Versions/A/Frameworks/QD.framework/Versions/A/QD
0x0000000026388000 	/System/Library/Frameworks/ApplicationServices.framework/Versions/A/Frameworks/SpeechSynthesis.framework/Versions/A/SpeechSynthesis
0x0000000026388000 	/System/Library/Frameworks/Accelerate.framework/Versions/A/Frameworks/vImage.framework/Versions/A/vImage
0x0000000026388000 	/System/Library/Frameworks/Accelerate.framework/Versions/A/Frameworks/vecLib.framework/Versions/A/vecLib
0x0000000026388000 	/System/Library/Frameworks/Accelerate.framework/Versions/A/Frameworks/vecLib.framework/Versions/A/libvDSP.dylib
0x0000000026388000 	/System/Library/Frameworks/Accelerate.framework/Versions/A/Frameworks/vecLib.framework/Versions/A/libBNNS.dylib
0x0000000026388000 	/System/Library/Frameworks/Accelerate.framework/Versions/A/Frameworks/vecLib.framework/Versions/A/libQuadrature.dylib
0x0000000026388000 	/System/Library/Frameworks/Accelerate.framework/Versions/A/Frameworks/vecLib.framework/Versions/A/libvMisc.dylib
0x0000000026388000 	/System/Library/Frameworks/Accelerate.framework/Versions/A/Frameworks/vecLib.framework/Versions/A/libLAPACK.dylib
0x0000000026388000 	/System/Library/Frameworks/Accelerate.framework/Versions/A/Frameworks/vecLib.framework/Versions/A/libBLAS.dylib
0x0000000026388000 	/System/Library/Frameworks/Accelerate.framework/Versions/A/Frameworks/vecLib.framework/Versions/A/libLinearAlgebra.dylib
0x0000000026388000 	/System/Library/Frameworks/Accelerate.framework/Versions/A/Frameworks/vecLib.framework/Versions/A/libSparseBLAS.dylib
0x0000000026388000 	/System/Library/Frameworks/ApplicationServices.framework/Versions/A/Frameworks/ATS.framework/Versions/A/Resources/libFontParser.dylib
0x0000000026388000 	/System/Library/Frameworks/ApplicationServices.framework/Versions/A/Frameworks/ATS.framework/Versions/A/Resources/libFontRegistry.dylib
0x0000000026388000 	/System/Library/Frameworks/ImageIO.framework/Versions/A/Resources/libJPEG.dylib
0x0000000026388000 	/System/Library/Frameworks/ImageIO.framework/Versions/A/Resources/libTIFF.dylib
0x0000000026388000 	/System/Library/Frameworks/ImageIO.framework/Versions/A/Resources/libPng.dylib
0x0000000026388000 	/System/Library/Frameworks/ImageIO.framework/Versions/A/Resources/libGIF.dylib
0x0000000026388000 	/System/Library/Frameworks/ImageIO.framework/Versions/A/Resources/libJP2.dylib
0x0000000026388000 	/System/Library/Frameworks/ImageIO.framework/Versions/A/Resources/libRadiance.dylib
0x0000000026388000 	/usr/lib/libcompression.dylib
0x0000000026388000 	/System/Library/PrivateFrameworks/AppleJPEG.framework/Versions/A/AppleJPEG
0x0000000026388000 	/usr/lib/libcups.2.dylib
0x0000000026388000 	/System/Library/Frameworks/Kerberos.framework/Versions/A/Kerberos
0x0000000026388000 	/System/Library/Frameworks/GSS.framework/Versions/A/GSS
0x0000000026388000 	/usr/lib/libresolv.9.dylib
0x0000000026388000 	/usr/lib/libiconv.2.dylib
0x0000000026388000 	/System/Library/PrivateFrameworks/Heimdal.framework/Versions/A/Heimdal
0x0000000026388000 	/usr/lib/libheimdal-asn1.dylib
0x0000000026388000 	/System/Library/Frameworks/OpenDirectory.framework/Versions/A/OpenDirectory
0x0000000026388000 	/System/Library/PrivateFrameworks/CommonAuth.framework/Versions/A/CommonAuth
0x0000000026388000 	/System/Library/Frameworks/OpenDirectory.framework/Versions/A/Frameworks/CFOpenDirectory.framework/Versions/A/CFOpenDirectory
0x0000000026388000 	/System/Library/Frameworks/SecurityFoundation.framework/Versions/A/SecurityFoundation
0x0000000026388000 	/System/Library/PrivateFrameworks/LanguageModeling.framework/Versions/A/LanguageModeling
0x0000000026388000 	/usr/lib/libmarisa.dylib
0x0000000026388000 	/usr/lib/libChineseTokenizer.dylib
0x0000000026388000 	/usr/lib/libcmph.dylib
0x0000000026388000 	/System/Library/PrivateFrameworks/CoreEmoji.framework/Versions/A/CoreEmoji
0x0000000026388000 	/System/Library/Frameworks/ServiceManagement.framework/Versions/A/ServiceManagement
0x0000000026388000 	/usr/lib/libxslt.1.dylib
0x0000000026388000 	/System/Library/Frameworks/Carbon.framework/Versions/A/Frameworks/Ink.framework/Versions/A/Ink
0x0000000026388000 	/System/Library/PrivateFrameworks/TextureIO.framework/Versions/A/TextureIO
0x0000000026388000 	/System/Library/Frameworks/Metal.framework/Versions/A/Metal
0x0000000026388000 	/usr/lib/libate.dylib
0x0000000026388000 	/System/Library/PrivateFrameworks/GPUCompiler.framework/libmetal_timestamp.dylib
0x0000000026388000 	/System/Library/Frameworks/OpenGL.framework/Versions/A/Libraries/libCoreFSCache.dylib
0x0000000026388000 	/System/Library/PrivateFrameworks/IOAccelerator.framework/Versions/A/IOAccelerator
0x0000000026388000 	/System/Library/Frameworks/CoreVideo.framework/Versions/A/CoreVideo
0x0000000026388000 	/usr/lib/libFosl_dynamic.dylib
0x0000000026388000 	/System/Library/PrivateFrameworks/MetalPerformanceShaders.framework/Versions/A/MetalPerformanceShaders
0x0000000026388000 	/System/Library/PrivateFrameworks/FaceCore.framework/Versions/A/FaceCore
0x0000000026388000 	/System/Library/Frameworks/OpenCL.framework/Versions/A/OpenCL
0x0000000026388000 	/System/Library/Frameworks/OpenGL.framework/Versions/A/Libraries/libGLU.dylib
0x0000000026388000 	/System/Library/Frameworks/OpenGL.framework/Versions/A/Libraries/libGFXShared.dylib
0x0000000026388000 	/System/Library/Frameworks/OpenGL.framework/Versions/A/Libraries/libGL.dylib
0x0000000026388000 	/System/Library/Frameworks/OpenGL.framework/Versions/A/Libraries/libGLImage.dylib
0x0000000026388000 	/System/Library/Frameworks/OpenGL.framework/Versions/A/Libraries/libCVMSPluginSupport.dylib
0x0000000026388000 	/System/Library/Frameworks/OpenGL.framework/Versions/A/Libraries/libCoreVMClient.dylib
0x0000000026388000 	/System/Library/PrivateFrameworks/CrashReporterSupport.framework/Versions/A/CrashReporterSupport
0x0000000026388000 	/System/Library/PrivateFrameworks/Sharing.framework/Versions/A/Sharing
0x0000000026388000 	/System/Library/PrivateFrameworks/IconServices.framework/Versions/A/IconServices
0x0000000026388000 	/System/Library/PrivateFrameworks/ProtocolBuffer.framework/Versions/A/ProtocolBuffer
0x0000000026388000 	/System/Library/PrivateFrameworks/Apple80211.framework/Versions/A/Apple80211
0x0000000026388000 	/System/Library/Frameworks/CoreWLAN.framework/Versions/A/CoreWLAN
0x0000000026388000 	/System/Library/PrivateFrameworks/CoreUtils.framework/Versions/A/CoreUtils
0x0000000026388000 	/System/Library/Frameworks/IOBluetooth.framework/Versions/A/IOBluetooth
0x0000000026388000 	/System/Library/PrivateFrameworks/CoreWiFi.framework/Versions/A/CoreWiFi
0x0000000026388000 	/System/Library/Frameworks/CoreBluetooth.framework/Versions/A/CoreBluetooth
0x0000000026388000 	/System/Library/Frameworks/CoreDisplay.framework/Versions/A/CoreDisplay
0x0000000026388000 	/System/Library/PrivateFrameworks/IOPresentment.framework/Versions/A/IOPresentment
0x0000000026388000 	/System/Library/PrivateFrameworks/DebugSymbols.framework/Versions/A/DebugSymbols
0x0000000026388000 	/System/Library/PrivateFrameworks/CoreSymbolication.framework/Versions/A/CoreSymbolication
0x0000000026388000 	/System/Library/PrivateFrameworks/Symbolication.framework/Versions/A/Symbolication
0x0000000026388000 	/System/Library/PrivateFrameworks/AppleFSCompression.framework/Versions/A/AppleFSCompression
0x0000000026388000 	/System/Library/PrivateFrameworks/SpeechRecognitionCore.framework/Versions/A/SpeechRecognitionCore
0x0000000026388000 	/System/Library/PrivateFrameworks/ChunkingLibrary.framework/Versions/A/ChunkingLibrary
0x0000000101600000 	/Library/Java/JavaVirtualMachines/jdk1.8.0_60.jdk/Contents/Home/jre/lib/server/libjvm.dylib
0x0000000026388000 	/usr/lib/libstdc++.6.dylib
0x0000000102589000 	/Library/Java/JavaVirtualMachines/jdk1.8.0_60.jdk/Contents/Home/jre/lib/libverify.dylib
0x0000000102597000 	/Library/Java/JavaVirtualMachines/jdk1.8.0_60.jdk/Contents/Home/jre/lib/libjava.dylib
0x00000001025d6000 	/Library/Java/JavaVirtualMachines/jdk1.8.0_60.jdk/Contents/Home/jre/lib/libzip.dylib
0x0000000106695000 	/System/Library/Frameworks/JavaVM.framework/Frameworks/JavaRuntimeSupport.framework/JavaRuntimeSupport
0x00000001066af000 	/System/Library/Frameworks/JavaVM.framework/Versions/A/Frameworks/JavaNativeFoundation.framework/Versions/A/JavaNativeFoundation
0x00000001066c4000 	/System/Library/Frameworks/JavaVM.framework/Versions/A/JavaVM
0x0000000026388000 	/System/Library/Frameworks/Carbon.framework/Versions/A/Carbon
0x00000001066d1000 	/System/Library/PrivateFrameworks/JavaLaunching.framework/Versions/A/JavaLaunching
0x0000000026388000 	/System/Library/Frameworks/Carbon.framework/Versions/A/Frameworks/CommonPanels.framework/Versions/A/CommonPanels
0x0000000026388000 	/System/Library/Frameworks/Carbon.framework/Versions/A/Frameworks/Help.framework/Versions/A/Help
0x0000000026388000 	/System/Library/Frameworks/Carbon.framework/Versions/A/Frameworks/ImageCapture.framework/Versions/A/ImageCapture
0x0000000026388000 	/System/Library/Frameworks/Carbon.framework/Versions/A/Frameworks/OpenScripting.framework/Versions/A/OpenScripting
0x0000000026388000 	/System/Library/Frameworks/Carbon.framework/Versions/A/Frameworks/Print.framework/Versions/A/Print
0x0000000026388000 	/System/Library/Frameworks/Carbon.framework/Versions/A/Frameworks/SecurityHI.framework/Versions/A/SecurityHI
0x0000000107ffb000 	/Library/Java/JavaVirtualMachines/jdk1.8.0_60.jdk/Contents/Home/jre/lib/libawt.dylib
0x00000001080a3000 	/Library/Java/JavaVirtualMachines/jdk1.8.0_60.jdk/Contents/Home/jre/lib/./libmlib_image.dylib
0x000000010816f000 	/Library/Java/JavaVirtualMachines/jdk1.8.0_60.jdk/Contents/Home/jre/lib/libawt_lwawt.dylib
0x0000000108224000 	/Library/Java/JavaVirtualMachines/jdk1.8.0_60.jdk/Contents/Home/jre/lib/./libosxapp.dylib
0x0000000026388000 	/System/Library/Frameworks/ExceptionHandling.framework/Versions/A/ExceptionHandling
0x0000000026388000 	/System/Library/PrivateFrameworks/CoreServicesInternal.framework/Versions/A/CoreServicesInternal
0x0000000026388000 	/System/Library/CoreServices/RawCamera.bundle/Contents/MacOS/RawCamera
0x0000000026388000 	/System/Library/Frameworks/Accelerate.framework/Versions/A/Frameworks/vImage.framework/Versions/A/Libraries/libCGInterfaces.dylib
0x0000000026388000 	/System/Library/Frameworks/ApplicationServices.framework/Versions/A/Frameworks/ATS.framework/Versions/A/Resources/libTrueTypeScaler.dylib
0x0000000026388000 	/System/Library/Frameworks/OpenGL.framework/Versions/A/Resources/GLEngine.bundle/GLEngine
0x0000000026388000 	/System/Library/Frameworks/OpenGL.framework/Versions/A/Libraries/libGLProgrammability.dylib
0x0000000109fc1000 	/System/Library/Extensions/AppleIntelHD5000GraphicsGLDriver.bundle/Contents/MacOS/AppleIntelHD5000GraphicsGLDriver
0x0000000026388000 	/System/Library/PrivateFrameworks/GPUSupport.framework/Versions/A/Libraries/libGPUSupportMercury.dylib
0x0000000026388000 	/System/Library/Frameworks/OpenGL.framework/Versions/A/Resources/GLRendererFloat.bundle/GLRendererFloat
0x0000000026388000 	/System/Library/Frameworks/OpenCL.framework/Versions/A/Libraries/libcldcpuengine.dylib
0x0000000026388000 	/usr/lib/libcrypto.0.9.8.dylib
0x0000000026388000 	/System/Library/PrivateFrameworks/TrustEvaluationAgent.framework/Versions/A/TrustEvaluationAgent
0x000000010a73f000 	/System/Library/Extensions/AppleIntelHD5000GraphicsMTLDriver.bundle/Contents/MacOS/AppleIntelHD5000GraphicsMTLDriver
0x0000000026388000 	/System/Library/PrivateFrameworks/FamilyControls.framework/Versions/A/FamilyControls
0x0000000026388000 	/System/Library/PrivateFrameworks/CommerceKit.framework/Versions/A/Frameworks/CommerceCore.framework/Versions/A/CommerceCore
0x0000000026388000 	/System/Library/PrivateFrameworks/SystemAdministration.framework/Versions/A/SystemAdministration
0x0000000026388000 	/System/Library/PrivateFrameworks/AppContainer.framework/Versions/A/AppContainer
0x0000000026388000 	/System/Library/PrivateFrameworks/SecCodeWrapper.framework/Versions/A/SecCodeWrapper
0x0000000026388000 	/System/Library/Frameworks/DirectoryService.framework/Versions/A/DirectoryService
0x0000000026388000 	/System/Library/PrivateFrameworks/DiskImages.framework/Versions/A/DiskImages
0x0000000026388000 	/System/Library/PrivateFrameworks/LoginUIKit.framework/Versions/A/Frameworks/LoginUICore.framework/Versions/A/LoginUICore
0x0000000026388000 	/usr/lib/libCoreStorage.dylib
0x0000000026388000 	/usr/lib/libcsfde.dylib
0x0000000026388000 	/usr/lib/libodfde.dylib
0x0000000026388000 	/System/Library/Frameworks/DiscRecording.framework/Versions/A/DiscRecording
0x0000000026388000 	/usr/lib/libcurl.4.dylib
0x0000000026388000 	/System/Library/PrivateFrameworks/MediaKit.framework/Versions/A/MediaKit
0x0000000026388000 	/System/Library/PrivateFrameworks/ProtectedCloudStorage.framework/Versions/A/ProtectedCloudStorage
0x0000000026388000 	/System/Library/PrivateFrameworks/EFILogin.framework/Versions/A/EFILogin
0x0000000026388000 	/usr/lib/libutil.dylib
0x0000000026388000 	/System/Library/Frameworks/LDAP.framework/Versions/A/LDAP
0x0000000026388000 	/usr/lib/libsasl2.2.dylib
0x0000000026388000 	/System/Library/PrivateFrameworks/CoreDaemon.framework/Versions/B/CoreDaemon
0x0000000026388000 	/System/Library/PrivateFrameworks/AppleSRP.framework/Versions/A/AppleSRP
0x0000000026388000 	/System/Library/PrivateFrameworks/APFS.framework/Versions/A/APFS
0x0000000122b94000 	/Library/Java/JavaVirtualMachines/jdk1.8.0_60.jdk/Contents/Home/jre/lib/libfontmanager.dylib
0x0000000122bfb000 	/Users/tom/Documents/DUT/derpnslash/lib/slick/liblwjgl.dylib
0x0000000108b7d000 	/Library/Java/JavaVirtualMachines/jdk1.8.0_60.jdk/Contents/Home/jre/lib/libjawt.dylib
0x000000010a874000 	/Users/tom/Documents/DUT/derpnslash/lib/slick/libjinput-osx.dylib
0x0000000124e15000 	/System/Library/Extensions/IOHIDFamily.kext/Contents/PlugIns/IOHIDLib.plugin/Contents/MacOS/IOHIDLib
0x0000000124e39000 	/Library/Java/JavaVirtualMachines/jdk1.8.0_60.jdk/Contents/Home/jre/lib/libnio.dylib
0x0000000124e49000 	/Library/Java/JavaVirtualMachines/jdk1.8.0_60.jdk/Contents/Home/jre/lib/./libnet.dylib

VM Arguments:
jvm_args: -Djava.library.path=/Users/tom/Documents/DUT/derpnslash/lib/slick:/Users/tom/Documents/DUT/derpnslash/lib -Dfile.encoding=UTF-8 
java_command: view.WindowGame
java_class_path (initial): /Users/tom/Documents/DUT/derpnslash/bin:/Users/tom/Documents/DUT/derpnslash/lib/slick/lib/jinput.jar:/Users/tom/Documents/DUT/derpnslash/lib/slick/lib/lwjgl.jar:/Users/tom/Documents/DUT/derpnslash/lib/slick/lib/slick.jar:/Users/tom/Documents/DUT/derpnslash/lib/slick/lib/lwjgl_util.jar:/Users/tom/Documents/DUT/derpnslash/lib/kryonet-2.21-all.jar
Launcher Type: SUN_STANDARD

Environment Variables:
PATH=/usr/bin:/bin:/usr/sbin:/sbin
SHELL=/bin/bash

Signal Handlers:
SIGSEGV: [libjvm.dylib+0x5a6d31], sa_mask[0]=11111111011111110111111111111111, sa_flags=SA_ONSTACK|SA_RESTART|SA_SIGINFO
SIGBUS: [libjvm.dylib+0x5a6d31], sa_mask[0]=11111111011111110111111111111111, sa_flags=SA_RESTART|SA_SIGINFO
SIGFPE: [libjvm.dylib+0x480a4c], sa_mask[0]=11111111011111110111111111111111, sa_flags=SA_RESTART|SA_SIGINFO
SIGPIPE: [libjvm.dylib+0x480a4c], sa_mask[0]=11111111011111110111111111111111, sa_flags=SA_RESTART|SA_SIGINFO
SIGXFSZ: [libjvm.dylib+0x480a4c], sa_mask[0]=11111111011111110111111111111111, sa_flags=SA_RESTART|SA_SIGINFO
SIGILL: [libjvm.dylib+0x480a4c], sa_mask[0]=11111111011111110111111111111111, sa_flags=SA_RESTART|SA_SIGINFO
SIGUSR1: SIG_DFL, sa_mask[0]=00000000000000000000000000000000, sa_flags=none
SIGUSR2: [libjvm.dylib+0x48056a], sa_mask[0]=00100000000000000000000000000000, sa_flags=SA_RESTART|SA_SIGINFO
SIGHUP: [libjvm.dylib+0x47eb41], sa_mask[0]=11111111011111110111111111111111, sa_flags=SA_RESTART|SA_SIGINFO
SIGINT: [libjvm.dylib+0x47eb41], sa_mask[0]=11111111011111110111111111111111, sa_flags=SA_RESTART|SA_SIGINFO
SIGTERM: [libjvm.dylib+0x47eb41], sa_mask[0]=11111111011111110111111111111111, sa_flags=SA_RESTART|SA_SIGINFO
SIGQUIT: [libjvm.dylib+0x47eb41], sa_mask[0]=11111111011111110111111111111111, sa_flags=SA_RESTART|SA_SIGINFO


---------------  S Y S T E M  ---------------

OS:Bsduname:Darwin 16.1.0 Darwin Kernel Version 16.1.0: Thu Oct 13 21:26:57 PDT 2016; root:xnu-3789.21.3~60/RELEASE_X86_64 x86_64
rlimit: STACK 8192k, CORE 0k, NPROC 709, NOFILE 10240, AS infinity
load average:2.51 2.14 1.99

CPU:total 8 (4 cores per cpu, 2 threads per core) family 6 model 70 stepping 1, cmov, cx8, fxsr, mmx, sse, sse2, sse3, ssse3, sse4.1, sse4.2, popcnt, avx, avx2, aes, clmul, erms, lzcnt, ht, tsc, tscinvbit, bmi1, bmi2

Memory: 4k page, physical 16777216k(2545688k free)

/proc/meminfo:


vm_info: Java HotSpot(TM) 64-Bit Server VM (25.60-b23) for bsd-amd64 JRE (1.8.0_60-b27), built on Aug  4 2015 10:47:24 by "java_re" with gcc 4.2.1 (Based on Apple Inc. build 5658) (LLVM build 2336.11.00)

time: Fri Nov 18 02:21:13 2016
elapsed time: 13 seconds (0d 0h 0m 13s)

